<?xml version="1.0" encoding="UTF-8"?>
<!-- Generated by org.testng.reporters.JUnitReportReporter -->
<testsuite hostname="DESKTOP-M2NN2OR" name="Test.Mobile.TestSet1" tests="4" failures="0" timestamp="23 Feb 2021 16:50:58 GMT" time="105.307" errors="0">
  <testcase name="AddItemToCart" time="36.117" classname="Test.Mobile.TestSet1"/>
  <testcase name="login" time="39.880" classname="Test.Mobile.TestSet1"/>
  <testcase name="ShoppingCart" time="9.423" classname="Test.Mobile.TestSet1"/>
  <testcase name="TestSorting" time="19.887" classname="Test.Mobile.TestSet1"/>
</testsuite> <!-- Test.Mobile.TestSet1 -->
