<?xml version="1.0" encoding="UTF-8"?>
<!-- Generated by org.testng.reporters.JUnitReportReporter -->
<testsuite hostname="DESKTOP-M2NN2OR" name="Test.Mobile.TaskDataDriven" tests="1" failures="0" timestamp="24 Feb 2021 06:57:40 GMT" time="53.984" errors="0">
  <testcase name="TestSortingValuesFromxls" time="53.984" classname="Test.Mobile.TaskDataDriven"/>
</testsuite> <!-- Test.Mobile.TaskDataDriven -->
