<?xml version="1.0" encoding="UTF-8"?>
<!-- Generated by org.testng.reporters.JUnitReportReporter -->
<testsuite hostname="DESKTOP-M2NN2OR" name="Test.Mobile.TestSet1" tests="1" failures="0" timestamp="24 Feb 2021 05:47:10 GMT" time="27.734" errors="0">
  <testcase name="TestSortingValuesFromxls" time="27.734" classname="Test.Mobile.TestSet1"/>
</testsuite> <!-- Test.Mobile.TestSet1 -->
